<?xml version="1.0" encoding="UTF-8"?>
<testsuite xmlns:xsi="http://www.w3.org/2001/XMLSchema-instance" xsi:noNamespaceSchemaLocation="https://maven.apache.org/surefire/maven-surefire-plugin/xsd/surefire-test-report.xsd" name="at.fhj.msd.CalculatorTest" time="0.097" tests="11" errors="0" skipped="0" failures="0">
  <properties>
[...]
</properties>
  <testcase name="testFacultyZero" classname="at.fhj.msd.CalculatorTest" time="0.071"/>
  <testcase name="testMinusNeg" classname="at.fhj.msd.CalculatorTest" time="0.002"/>
  <testcase name="testMinusPos" classname="at.fhj.msd.CalculatorTest" time="0.001"/>
  <testcase name="testMultiplyNeg" classname="at.fhj.msd.CalculatorTest" time="0"/>
  <testcase name="testMultiplyPos" classname="at.fhj.msd.CalculatorTest" time="0"/>
  <testcase name="testAddNeg" classname="at.fhj.msd.CalculatorTest" time="0"/>
  <testcase name="testAddPos" classname="at.fhj.msd.CalculatorTest" time="0.001"/>
  <testcase name="testDivide" classname="at.fhj.msd.CalculatorTest" time="0.001"/>
  <testcase name="testDivideZero" classname="at.fhj.msd.CalculatorTest" time="0.001"/>
  <testcase name="testFacultyNeg" classname="at.fhj.msd.CalculatorTest" time="0"/>
  <testcase name="testFacultyPos" classname="at.fhj.msd.CalculatorTest" time="0"/>
</testsuite>